<?xml version="1.0" encoding="UTF-8"?>
<testsuite xmlns:xsi="http://www.w3.org/2001/XMLSchema-instance" xsi:noNamespaceSchemaLocation="https://maven.apache.org/surefire/maven-surefire-plugin/xsd/surefire-test-report.xsd" name="com.yida.project.ProjectApplicationTests" time="14.218" tests="1" errors="0" skipped="0" failures="0">
  <properties>
    <property name="sun.desktop" value="windows"/>
    <property name="awt.toolkit" value="sun.awt.windows.WToolkit"/>
    <property name="file.encoding.pkg" value="sun.io"/>
    <property name="java.specification.version" value="1.8"/>
    <property name="sun.cpu.isalist" value="amd64"/>
    <property name="sun.jnu.encoding" value="GBK"/>
    <property name="java.class.path" value="D:\IdeaWorkSpace\project\target\test-classes;D:\IdeaWorkSpace\project\target\classes;d:\develop\MAVEN\repository\org\springframework\boot\spring-boot-starter-web\2.6.1\spring-boot-starter-web-2.6.1.jar;d:\develop\MAVEN\repository\org\springframework\boot\spring-boot-starter\2.6.1\spring-boot-starter-2.6.1.jar;d:\develop\MAVEN\repository\jakarta\annotation\jakarta.annotation-api\1.3.5\jakarta.annotation-api-1.3.5.jar;d:\develop\MAVEN\repository\org\yaml\snakeyaml\1.29\snakeyaml-1.29.jar;d:\develop\MAVEN\repository\org\springframework\boot\spring-boot-starter-json\2.6.1\spring-boot-starter-json-2.6.1.jar;d:\develop\MAVEN\repository\com\fasterxml\jackson\core\jackson-databind\2.13.0\jackson-databind-2.13.0.jar;d:\develop\MAVEN\repository\com\fasterxml\jackson\core\jackson-annotations\2.13.0\jackson-annotations-2.13.0.jar;d:\develop\MAVEN\repository\com\fasterxml\jackson\core\jackson-core\2.13.0\jackson-core-2.13.0.jar;d:\develop\MAVEN\repository\com\fasterxml\jackson\datatype\jackson-datatype-jdk8\2.13.0\jackson-datatype-jdk8-2.13.0.jar;d:\develop\MAVEN\repository\com\fasterxml\jackson\datatype\jackson-datatype-jsr310\2.13.0\jackson-datatype-jsr310-2.13.0.jar;d:\develop\MAVEN\repository\com\fasterxml\jackson\module\jackson-module-parameter-names\2.13.0\jackson-module-parameter-names-2.13.0.jar;d:\develop\MAVEN\repository\org\springframework\boot\spring-boot-starter-tomcat\2.6.1\spring-boot-starter-tomcat-2.6.1.jar;d:\develop\MAVEN\repository\org\apache\tomcat\embed\tomcat-embed-core\9.0.55\tomcat-embed-core-9.0.55.jar;d:\develop\MAVEN\repository\org\apache\tomcat\embed\tomcat-embed-el\9.0.55\tomcat-embed-el-9.0.55.jar;d:\develop\MAVEN\repository\org\apache\tomcat\embed\tomcat-embed-websocket\9.0.55\tomcat-embed-websocket-9.0.55.jar;d:\develop\MAVEN\repository\org\springframework\spring-web\5.3.13\spring-web-5.3.13.jar;d:\develop\MAVEN\repository\org\springframework\spring-beans\5.3.13\spring-beans-5.3.13.jar;d:\develop\MAVEN\repository\org\springframework\spring-webmvc\5.3.13\spring-webmvc-5.3.13.jar;d:\develop\MAVEN\repository\org\springframework\spring-aop\5.3.13\spring-aop-5.3.13.jar;d:\develop\MAVEN\repository\org\springframework\spring-context\5.3.13\spring-context-5.3.13.jar;d:\develop\MAVEN\repository\org\springframework\spring-expression\5.3.13\spring-expression-5.3.13.jar;d:\develop\MAVEN\repository\org\springframework\boot\spring-boot-starter-thymeleaf\2.6.1\spring-boot-starter-thymeleaf-2.6.1.jar;d:\develop\MAVEN\repository\org\thymeleaf\thymeleaf-spring5\3.0.12.RELEASE\thymeleaf-spring5-3.0.12.RELEASE.jar;d:\develop\MAVEN\repository\org\thymeleaf\thymeleaf\3.0.12.RELEASE\thymeleaf-3.0.12.RELEASE.jar;d:\develop\MAVEN\repository\org\attoparser\attoparser\2.0.5.RELEASE\attoparser-2.0.5.RELEASE.jar;d:\develop\MAVEN\repository\org\unbescape\unbescape\1.1.6.RELEASE\unbescape-1.1.6.RELEASE.jar;d:\develop\MAVEN\repository\org\slf4j\slf4j-api\1.7.32\slf4j-api-1.7.32.jar;d:\develop\MAVEN\repository\org\thymeleaf\extras\thymeleaf-extras-java8time\3.0.4.RELEASE\thymeleaf-extras-java8time-3.0.4.RELEASE.jar;d:\develop\MAVEN\repository\org\mybatis\spring\boot\mybatis-spring-boot-starter\2.2.0\mybatis-spring-boot-starter-2.2.0.jar;d:\develop\MAVEN\repository\org\springframework\boot\spring-boot-starter-jdbc\2.6.1\spring-boot-starter-jdbc-2.6.1.jar;d:\develop\MAVEN\repository\com\zaxxer\HikariCP\4.0.3\HikariCP-4.0.3.jar;d:\develop\MAVEN\repository\org\springframework\spring-jdbc\5.3.13\spring-jdbc-5.3.13.jar;d:\develop\MAVEN\repository\org\mybatis\spring\boot\mybatis-spring-boot-autoconfigure\2.2.0\mybatis-spring-boot-autoconfigure-2.2.0.jar;d:\develop\MAVEN\repository\org\mybatis\mybatis\3.5.7\mybatis-3.5.7.jar;d:\develop\MAVEN\repository\org\mybatis\mybatis-spring\2.0.6\mybatis-spring-2.0.6.jar;d:\develop\MAVEN\repository\com\oracle\database\jdbc\ojdbc8\21.3.0.0\ojdbc8-21.3.0.0.jar;d:\develop\MAVEN\repository\mysql\mysql-connector-java\8.0.27\mysql-connector-java-8.0.27.jar;d:\develop\MAVEN\repository\org\springframework\boot\spring-boot-starter-test\2.6.1\spring-boot-starter-test-2.6.1.jar;d:\develop\MAVEN\repository\org\springframework\boot\spring-boot-test\2.6.1\spring-boot-test-2.6.1.jar;d:\develop\MAVEN\repository\org\springframework\boot\spring-boot-test-autoconfigure\2.6.1\spring-boot-test-autoconfigure-2.6.1.jar;d:\develop\MAVEN\repository\com\jayway\jsonpath\json-path\2.6.0\json-path-2.6.0.jar;d:\develop\MAVEN\repository\net\minidev\json-smart\2.4.7\json-smart-2.4.7.jar;d:\develop\MAVEN\repository\net\minidev\accessors-smart\2.4.7\accessors-smart-2.4.7.jar;d:\develop\MAVEN\repository\org\ow2\asm\asm\9.1\asm-9.1.jar;d:\develop\MAVEN\repository\jakarta\xml\bind\jakarta.xml.bind-api\2.3.3\jakarta.xml.bind-api-2.3.3.jar;d:\develop\MAVEN\repository\jakarta\activation\jakarta.activation-api\1.2.2\jakarta.activation-api-1.2.2.jar;d:\develop\MAVEN\repository\org\hamcrest\hamcrest\2.2\hamcrest-2.2.jar;d:\develop\MAVEN\repository\org\junit\jupiter\junit-jupiter\5.8.1\junit-jupiter-5.8.1.jar;d:\develop\MAVEN\repository\org\junit\jupiter\junit-jupiter-api\5.8.1\junit-jupiter-api-5.8.1.jar;d:\develop\MAVEN\repository\org\opentest4j\opentest4j\1.2.0\opentest4j-1.2.0.jar;d:\develop\MAVEN\repository\org\junit\platform\junit-platform-commons\1.8.1\junit-platform-commons-1.8.1.jar;d:\develop\MAVEN\repository\org\apiguardian\apiguardian-api\1.1.2\apiguardian-api-1.1.2.jar;d:\develop\MAVEN\repository\org\junit\jupiter\junit-jupiter-params\5.8.1\junit-jupiter-params-5.8.1.jar;d:\develop\MAVEN\repository\org\junit\jupiter\junit-jupiter-engine\5.8.1\junit-jupiter-engine-5.8.1.jar;d:\develop\MAVEN\repository\org\junit\platform\junit-platform-engine\1.8.1\junit-platform-engine-1.8.1.jar;d:\develop\MAVEN\repository\org\mockito\mockito-core\4.0.0\mockito-core-4.0.0.jar;d:\develop\MAVEN\repository\net\bytebuddy\byte-buddy\1.11.22\byte-buddy-1.11.22.jar;d:\develop\MAVEN\repository\net\bytebuddy\byte-buddy-agent\1.11.22\byte-buddy-agent-1.11.22.jar;d:\develop\MAVEN\repository\org\objenesis\objenesis\3.2\objenesis-3.2.jar;d:\develop\MAVEN\repository\org\mockito\mockito-junit-jupiter\4.0.0\mockito-junit-jupiter-4.0.0.jar;d:\develop\MAVEN\repository\org\skyscreamer\jsonassert\1.5.0\jsonassert-1.5.0.jar;d:\develop\MAVEN\repository\com\vaadin\external\google\android-json\0.0.20131108.vaadin1\android-json-0.0.20131108.vaadin1.jar;d:\develop\MAVEN\repository\org\springframework\spring-core\5.3.13\spring-core-5.3.13.jar;d:\develop\MAVEN\repository\org\springframework\spring-jcl\5.3.13\spring-jcl-5.3.13.jar;d:\develop\MAVEN\repository\org\springframework\spring-test\5.3.13\spring-test-5.3.13.jar;d:\develop\MAVEN\repository\org\xmlunit\xmlunit-core\2.8.3\xmlunit-core-2.8.3.jar;d:\develop\MAVEN\repository\org\springframework\boot\spring-boot-starter-log4j2\2.6.1\spring-boot-starter-log4j2-2.6.1.jar;d:\develop\MAVEN\repository\org\apache\logging\log4j\log4j-slf4j-impl\2.14.1\log4j-slf4j-impl-2.14.1.jar;d:\develop\MAVEN\repository\org\apache\logging\log4j\log4j-api\2.14.1\log4j-api-2.14.1.jar;d:\develop\MAVEN\repository\org\apache\logging\log4j\log4j-core\2.14.1\log4j-core-2.14.1.jar;d:\develop\MAVEN\repository\org\apache\logging\log4j\log4j-jul\2.14.1\log4j-jul-2.14.1.jar;d:\develop\MAVEN\repository\org\slf4j\jul-to-slf4j\1.7.32\jul-to-slf4j-1.7.32.jar;d:\develop\MAVEN\repository\tk\mybatis\mapper-spring-boot-starter\2.1.5\mapper-spring-boot-starter-2.1.5.jar;d:\develop\MAVEN\repository\tk\mybatis\mapper-core\1.1.5\mapper-core-1.1.5.jar;d:\develop\MAVEN\repository\javax\persistence\persistence-api\1.0\persistence-api-1.0.jar;d:\develop\MAVEN\repository\tk\mybatis\mapper-base\1.1.5\mapper-base-1.1.5.jar;d:\develop\MAVEN\repository\tk\mybatis\mapper-weekend\1.1.5\mapper-weekend-1.1.5.jar;d:\develop\MAVEN\repository\tk\mybatis\mapper-spring\1.1.5\mapper-spring-1.1.5.jar;d:\develop\MAVEN\repository\tk\mybatis\mapper-extra\1.1.5\mapper-extra-1.1.5.jar;d:\develop\MAVEN\repository\tk\mybatis\mapper-spring-boot-autoconfigure\2.1.5\mapper-spring-boot-autoconfigure-2.1.5.jar;d:\develop\MAVEN\repository\org\springframework\boot\spring-boot-starter-data-redis-reactive\2.6.1\spring-boot-starter-data-redis-reactive-2.6.1.jar;d:\develop\MAVEN\repository\org\springframework\boot\spring-boot-starter-data-redis\2.6.1\spring-boot-starter-data-redis-2.6.1.jar;d:\develop\MAVEN\repository\io\lettuce\lettuce-core\6.1.5.RELEASE\lettuce-core-6.1.5.RELEASE.jar;d:\develop\MAVEN\repository\io\netty\netty-common\4.1.70.Final\netty-common-4.1.70.Final.jar;d:\develop\MAVEN\repository\io\netty\netty-handler\4.1.70.Final\netty-handler-4.1.70.Final.jar;d:\develop\MAVEN\repository\io\netty\netty-resolver\4.1.70.Final\netty-resolver-4.1.70.Final.jar;d:\develop\MAVEN\repository\io\netty\netty-buffer\4.1.70.Final\netty-buffer-4.1.70.Final.jar;d:\develop\MAVEN\repository\io\netty\netty-codec\4.1.70.Final\netty-codec-4.1.70.Final.jar;d:\develop\MAVEN\repository\io\netty\netty-transport\4.1.70.Final\netty-transport-4.1.70.Final.jar;d:\develop\MAVEN\repository\io\projectreactor\reactor-core\3.4.12\reactor-core-3.4.12.jar;d:\develop\MAVEN\repository\org\reactivestreams\reactive-streams\1.0.3\reactive-streams-1.0.3.jar;d:\develop\MAVEN\repository\org\springframework\session\spring-session-data-redis\2.6.0\spring-session-data-redis-2.6.0.jar;d:\develop\MAVEN\repository\org\springframework\session\spring-session-core\2.6.0\spring-session-core-2.6.0.jar;d:\develop\MAVEN\repository\org\springframework\data\spring-data-redis\2.6.0\spring-data-redis-2.6.0.jar;d:\develop\MAVEN\repository\org\springframework\data\spring-data-keyvalue\2.6.0\spring-data-keyvalue-2.6.0.jar;d:\develop\MAVEN\repository\org\springframework\data\spring-data-commons\2.6.0\spring-data-commons-2.6.0.jar;d:\develop\MAVEN\repository\org\springframework\spring-tx\5.3.13\spring-tx-5.3.13.jar;d:\develop\MAVEN\repository\org\springframework\spring-oxm\5.3.13\spring-oxm-5.3.13.jar;d:\develop\MAVEN\repository\org\springframework\spring-context-support\5.3.13\spring-context-support-5.3.13.jar;d:\develop\MAVEN\repository\org\apache\shiro\shiro-spring\1.4.2\shiro-spring-1.4.2.jar;d:\develop\MAVEN\repository\org\apache\shiro\shiro-core\1.4.2\shiro-core-1.4.2.jar;d:\develop\MAVEN\repository\org\apache\shiro\shiro-lang\1.4.2\shiro-lang-1.4.2.jar;d:\develop\MAVEN\repository\org\apache\shiro\shiro-cache\1.4.2\shiro-cache-1.4.2.jar;d:\develop\MAVEN\repository\org\apache\shiro\shiro-crypto-hash\1.4.2\shiro-crypto-hash-1.4.2.jar;d:\develop\MAVEN\repository\org\apache\shiro\shiro-crypto-core\1.4.2\shiro-crypto-core-1.4.2.jar;d:\develop\MAVEN\repository\org\apache\shiro\shiro-crypto-cipher\1.4.2\shiro-crypto-cipher-1.4.2.jar;d:\develop\MAVEN\repository\org\apache\shiro\shiro-config-core\1.4.2\shiro-config-core-1.4.2.jar;d:\develop\MAVEN\repository\org\apache\shiro\shiro-config-ogdl\1.4.2\shiro-config-ogdl-1.4.2.jar;d:\develop\MAVEN\repository\commons-beanutils\commons-beanutils\1.9.3\commons-beanutils-1.9.3.jar;d:\develop\MAVEN\repository\commons-collections\commons-collections\3.2.2\commons-collections-3.2.2.jar;d:\develop\MAVEN\repository\org\apache\shiro\shiro-event\1.4.2\shiro-event-1.4.2.jar;d:\develop\MAVEN\repository\org\apache\shiro\shiro-web\1.4.2\shiro-web-1.4.2.jar;d:\develop\MAVEN\repository\org\projectlombok\lombok\1.18.22\lombok-1.18.22.jar;d:\develop\MAVEN\repository\com\github\pagehelper\pagehelper\5.1.10\pagehelper-5.1.10.jar;d:\develop\MAVEN\repository\com\github\jsqlparser\jsqlparser\2.0\jsqlparser-2.0.jar;d:\develop\MAVEN\repository\org\springframework\boot\spring-boot-devtools\2.6.1\spring-boot-devtools-2.6.1.jar;d:\develop\MAVEN\repository\org\springframework\boot\spring-boot\2.6.1\spring-boot-2.6.1.jar;d:\develop\MAVEN\repository\org\springframework\boot\spring-boot-autoconfigure\2.6.1\spring-boot-autoconfigure-2.6.1.jar;d:\develop\MAVEN\repository\commons-fileupload\commons-fileupload\1.2.1\commons-fileupload-1.2.1.jar;d:\develop\MAVEN\repository\commons-io\commons-io\2.6\commons-io-2.6.jar;d:\develop\MAVEN\repository\org\assertj\assertj-core\3.21.0\assertj-core-3.21.0.jar;"/>
    <property name="java.vm.vendor" value="Oracle Corporation"/>
    <property name="sun.arch.data.model" value="64"/>
    <property name="user.variant" value=""/>
    <property name="java.vendor.url" value="http://java.oracle.com/"/>
    <property name="user.timezone" value="Asia/Shanghai"/>
    <property name="java.vm.specification.version" value="1.8"/>
    <property name="os.name" value="Windows 10"/>
    <property name="user.country" value="CN"/>
    <property name="sun.java.launcher" value="SUN_STANDARD"/>
    <property name="sun.boot.library.path" value="D:\develop\jdk1.8\jdk 1.8.0.191\jre\bin"/>
    <property name="sun.java.command" value="C:\Users\limon\AppData\Local\Temp\surefire1799836413773021843\surefirebooter6343508425245256382.jar C:\Users\limon\AppData\Local\Temp\surefire1799836413773021843 2022-03-19T21-38-04_333-jvmRun1 surefire3445680298649320099tmp surefire_01047337476465093771tmp"/>
    <property name="surefire.test.class.path" value="D:\IdeaWorkSpace\project\target\test-classes;D:\IdeaWorkSpace\project\target\classes;d:\develop\MAVEN\repository\org\springframework\boot\spring-boot-starter-web\2.6.1\spring-boot-starter-web-2.6.1.jar;d:\develop\MAVEN\repository\org\springframework\boot\spring-boot-starter\2.6.1\spring-boot-starter-2.6.1.jar;d:\develop\MAVEN\repository\jakarta\annotation\jakarta.annotation-api\1.3.5\jakarta.annotation-api-1.3.5.jar;d:\develop\MAVEN\repository\org\yaml\snakeyaml\1.29\snakeyaml-1.29.jar;d:\develop\MAVEN\repository\org\springframework\boot\spring-boot-starter-json\2.6.1\spring-boot-starter-json-2.6.1.jar;d:\develop\MAVEN\repository\com\fasterxml\jackson\core\jackson-databind\2.13.0\jackson-databind-2.13.0.jar;d:\develop\MAVEN\repository\com\fasterxml\jackson\core\jackson-annotations\2.13.0\jackson-annotations-2.13.0.jar;d:\develop\MAVEN\repository\com\fasterxml\jackson\core\jackson-core\2.13.0\jackson-core-2.13.0.jar;d:\develop\MAVEN\repository\com\fasterxml\jackson\datatype\jackson-datatype-jdk8\2.13.0\jackson-datatype-jdk8-2.13.0.jar;d:\develop\MAVEN\repository\com\fasterxml\jackson\datatype\jackson-datatype-jsr310\2.13.0\jackson-datatype-jsr310-2.13.0.jar;d:\develop\MAVEN\repository\com\fasterxml\jackson\module\jackson-module-parameter-names\2.13.0\jackson-module-parameter-names-2.13.0.jar;d:\develop\MAVEN\repository\org\springframework\boot\spring-boot-starter-tomcat\2.6.1\spring-boot-starter-tomcat-2.6.1.jar;d:\develop\MAVEN\repository\org\apache\tomcat\embed\tomcat-embed-core\9.0.55\tomcat-embed-core-9.0.55.jar;d:\develop\MAVEN\repository\org\apache\tomcat\embed\tomcat-embed-el\9.0.55\tomcat-embed-el-9.0.55.jar;d:\develop\MAVEN\repository\org\apache\tomcat\embed\tomcat-embed-websocket\9.0.55\tomcat-embed-websocket-9.0.55.jar;d:\develop\MAVEN\repository\org\springframework\spring-web\5.3.13\spring-web-5.3.13.jar;d:\develop\MAVEN\repository\org\springframework\spring-beans\5.3.13\spring-beans-5.3.13.jar;d:\develop\MAVEN\repository\org\springframework\spring-webmvc\5.3.13\spring-webmvc-5.3.13.jar;d:\develop\MAVEN\repository\org\springframework\spring-aop\5.3.13\spring-aop-5.3.13.jar;d:\develop\MAVEN\repository\org\springframework\spring-context\5.3.13\spring-context-5.3.13.jar;d:\develop\MAVEN\repository\org\springframework\spring-expression\5.3.13\spring-expression-5.3.13.jar;d:\develop\MAVEN\repository\org\springframework\boot\spring-boot-starter-thymeleaf\2.6.1\spring-boot-starter-thymeleaf-2.6.1.jar;d:\develop\MAVEN\repository\org\thymeleaf\thymeleaf-spring5\3.0.12.RELEASE\thymeleaf-spring5-3.0.12.RELEASE.jar;d:\develop\MAVEN\repository\org\thymeleaf\thymeleaf\3.0.12.RELEASE\thymeleaf-3.0.12.RELEASE.jar;d:\develop\MAVEN\repository\org\attoparser\attoparser\2.0.5.RELEASE\attoparser-2.0.5.RELEASE.jar;d:\develop\MAVEN\repository\org\unbescape\unbescape\1.1.6.RELEASE\unbescape-1.1.6.RELEASE.jar;d:\develop\MAVEN\repository\org\slf4j\slf4j-api\1.7.32\slf4j-api-1.7.32.jar;d:\develop\MAVEN\repository\org\thymeleaf\extras\thymeleaf-extras-java8time\3.0.4.RELEASE\thymeleaf-extras-java8time-3.0.4.RELEASE.jar;d:\develop\MAVEN\repository\org\mybatis\spring\boot\mybatis-spring-boot-starter\2.2.0\mybatis-spring-boot-starter-2.2.0.jar;d:\develop\MAVEN\repository\org\springframework\boot\spring-boot-starter-jdbc\2.6.1\spring-boot-starter-jdbc-2.6.1.jar;d:\develop\MAVEN\repository\com\zaxxer\HikariCP\4.0.3\HikariCP-4.0.3.jar;d:\develop\MAVEN\repository\org\springframework\spring-jdbc\5.3.13\spring-jdbc-5.3.13.jar;d:\develop\MAVEN\repository\org\mybatis\spring\boot\mybatis-spring-boot-autoconfigure\2.2.0\mybatis-spring-boot-autoconfigure-2.2.0.jar;d:\develop\MAVEN\repository\org\mybatis\mybatis\3.5.7\mybatis-3.5.7.jar;d:\develop\MAVEN\repository\org\mybatis\mybatis-spring\2.0.6\mybatis-spring-2.0.6.jar;d:\develop\MAVEN\repository\com\oracle\database\jdbc\ojdbc8\21.3.0.0\ojdbc8-21.3.0.0.jar;d:\develop\MAVEN\repository\mysql\mysql-connector-java\8.0.27\mysql-connector-java-8.0.27.jar;d:\develop\MAVEN\repository\org\springframework\boot\spring-boot-starter-test\2.6.1\spring-boot-starter-test-2.6.1.jar;d:\develop\MAVEN\repository\org\springframework\boot\spring-boot-test\2.6.1\spring-boot-test-2.6.1.jar;d:\develop\MAVEN\repository\org\springframework\boot\spring-boot-test-autoconfigure\2.6.1\spring-boot-test-autoconfigure-2.6.1.jar;d:\develop\MAVEN\repository\com\jayway\jsonpath\json-path\2.6.0\json-path-2.6.0.jar;d:\develop\MAVEN\repository\net\minidev\json-smart\2.4.7\json-smart-2.4.7.jar;d:\develop\MAVEN\repository\net\minidev\accessors-smart\2.4.7\accessors-smart-2.4.7.jar;d:\develop\MAVEN\repository\org\ow2\asm\asm\9.1\asm-9.1.jar;d:\develop\MAVEN\repository\jakarta\xml\bind\jakarta.xml.bind-api\2.3.3\jakarta.xml.bind-api-2.3.3.jar;d:\develop\MAVEN\repository\jakarta\activation\jakarta.activation-api\1.2.2\jakarta.activation-api-1.2.2.jar;d:\develop\MAVEN\repository\org\hamcrest\hamcrest\2.2\hamcrest-2.2.jar;d:\develop\MAVEN\repository\org\junit\jupiter\junit-jupiter\5.8.1\junit-jupiter-5.8.1.jar;d:\develop\MAVEN\repository\org\junit\jupiter\junit-jupiter-api\5.8.1\junit-jupiter-api-5.8.1.jar;d:\develop\MAVEN\repository\org\opentest4j\opentest4j\1.2.0\opentest4j-1.2.0.jar;d:\develop\MAVEN\repository\org\junit\platform\junit-platform-commons\1.8.1\junit-platform-commons-1.8.1.jar;d:\develop\MAVEN\repository\org\apiguardian\apiguardian-api\1.1.2\apiguardian-api-1.1.2.jar;d:\develop\MAVEN\repository\org\junit\jupiter\junit-jupiter-params\5.8.1\junit-jupiter-params-5.8.1.jar;d:\develop\MAVEN\repository\org\junit\jupiter\junit-jupiter-engine\5.8.1\junit-jupiter-engine-5.8.1.jar;d:\develop\MAVEN\repository\org\junit\platform\junit-platform-engine\1.8.1\junit-platform-engine-1.8.1.jar;d:\develop\MAVEN\repository\org\mockito\mockito-core\4.0.0\mockito-core-4.0.0.jar;d:\develop\MAVEN\repository\net\bytebuddy\byte-buddy\1.11.22\byte-buddy-1.11.22.jar;d:\develop\MAVEN\repository\net\bytebuddy\byte-buddy-agent\1.11.22\byte-buddy-agent-1.11.22.jar;d:\develop\MAVEN\repository\org\objenesis\objenesis\3.2\objenesis-3.2.jar;d:\develop\MAVEN\repository\org\mockito\mockito-junit-jupiter\4.0.0\mockito-junit-jupiter-4.0.0.jar;d:\develop\MAVEN\repository\org\skyscreamer\jsonassert\1.5.0\jsonassert-1.5.0.jar;d:\develop\MAVEN\repository\com\vaadin\external\google\android-json\0.0.20131108.vaadin1\android-json-0.0.20131108.vaadin1.jar;d:\develop\MAVEN\repository\org\springframework\spring-core\5.3.13\spring-core-5.3.13.jar;d:\develop\MAVEN\repository\org\springframework\spring-jcl\5.3.13\spring-jcl-5.3.13.jar;d:\develop\MAVEN\repository\org\springframework\spring-test\5.3.13\spring-test-5.3.13.jar;d:\develop\MAVEN\repository\org\xmlunit\xmlunit-core\2.8.3\xmlunit-core-2.8.3.jar;d:\develop\MAVEN\repository\org\springframework\boot\spring-boot-starter-log4j2\2.6.1\spring-boot-starter-log4j2-2.6.1.jar;d:\develop\MAVEN\repository\org\apache\logging\log4j\log4j-slf4j-impl\2.14.1\log4j-slf4j-impl-2.14.1.jar;d:\develop\MAVEN\repository\org\apache\logging\log4j\log4j-api\2.14.1\log4j-api-2.14.1.jar;d:\develop\MAVEN\repository\org\apache\logging\log4j\log4j-core\2.14.1\log4j-core-2.14.1.jar;d:\develop\MAVEN\repository\org\apache\logging\log4j\log4j-jul\2.14.1\log4j-jul-2.14.1.jar;d:\develop\MAVEN\repository\org\slf4j\jul-to-slf4j\1.7.32\jul-to-slf4j-1.7.32.jar;d:\develop\MAVEN\repository\tk\mybatis\mapper-spring-boot-starter\2.1.5\mapper-spring-boot-starter-2.1.5.jar;d:\develop\MAVEN\repository\tk\mybatis\mapper-core\1.1.5\mapper-core-1.1.5.jar;d:\develop\MAVEN\repository\javax\persistence\persistence-api\1.0\persistence-api-1.0.jar;d:\develop\MAVEN\repository\tk\mybatis\mapper-base\1.1.5\mapper-base-1.1.5.jar;d:\develop\MAVEN\repository\tk\mybatis\mapper-weekend\1.1.5\mapper-weekend-1.1.5.jar;d:\develop\MAVEN\repository\tk\mybatis\mapper-spring\1.1.5\mapper-spring-1.1.5.jar;d:\develop\MAVEN\repository\tk\mybatis\mapper-extra\1.1.5\mapper-extra-1.1.5.jar;d:\develop\MAVEN\repository\tk\mybatis\mapper-spring-boot-autoconfigure\2.1.5\mapper-spring-boot-autoconfigure-2.1.5.jar;d:\develop\MAVEN\repository\org\springframework\boot\spring-boot-starter-data-redis-reactive\2.6.1\spring-boot-starter-data-redis-reactive-2.6.1.jar;d:\develop\MAVEN\repository\org\springframework\boot\spring-boot-starter-data-redis\2.6.1\spring-boot-starter-data-redis-2.6.1.jar;d:\develop\MAVEN\repository\io\lettuce\lettuce-core\6.1.5.RELEASE\lettuce-core-6.1.5.RELEASE.jar;d:\develop\MAVEN\repository\io\netty\netty-common\4.1.70.Final\netty-common-4.1.70.Final.jar;d:\develop\MAVEN\repository\io\netty\netty-handler\4.1.70.Final\netty-handler-4.1.70.Final.jar;d:\develop\MAVEN\repository\io\netty\netty-resolver\4.1.70.Final\netty-resolver-4.1.70.Final.jar;d:\develop\MAVEN\repository\io\netty\netty-buffer\4.1.70.Final\netty-buffer-4.1.70.Final.jar;d:\develop\MAVEN\repository\io\netty\netty-codec\4.1.70.Final\netty-codec-4.1.70.Final.jar;d:\develop\MAVEN\repository\io\netty\netty-transport\4.1.70.Final\netty-transport-4.1.70.Final.jar;d:\develop\MAVEN\repository\io\projectreactor\reactor-core\3.4.12\reactor-core-3.4.12.jar;d:\develop\MAVEN\repository\org\reactivestreams\reactive-streams\1.0.3\reactive-streams-1.0.3.jar;d:\develop\MAVEN\repository\org\springframework\session\spring-session-data-redis\2.6.0\spring-session-data-redis-2.6.0.jar;d:\develop\MAVEN\repository\org\springframework\session\spring-session-core\2.6.0\spring-session-core-2.6.0.jar;d:\develop\MAVEN\repository\org\springframework\data\spring-data-redis\2.6.0\spring-data-redis-2.6.0.jar;d:\develop\MAVEN\repository\org\springframework\data\spring-data-keyvalue\2.6.0\spring-data-keyvalue-2.6.0.jar;d:\develop\MAVEN\repository\org\springframework\data\spring-data-commons\2.6.0\spring-data-commons-2.6.0.jar;d:\develop\MAVEN\repository\org\springframework\spring-tx\5.3.13\spring-tx-5.3.13.jar;d:\develop\MAVEN\repository\org\springframework\spring-oxm\5.3.13\spring-oxm-5.3.13.jar;d:\develop\MAVEN\repository\org\springframework\spring-context-support\5.3.13\spring-context-support-5.3.13.jar;d:\develop\MAVEN\repository\org\apache\shiro\shiro-spring\1.4.2\shiro-spring-1.4.2.jar;d:\develop\MAVEN\repository\org\apache\shiro\shiro-core\1.4.2\shiro-core-1.4.2.jar;d:\develop\MAVEN\repository\org\apache\shiro\shiro-lang\1.4.2\shiro-lang-1.4.2.jar;d:\develop\MAVEN\repository\org\apache\shiro\shiro-cache\1.4.2\shiro-cache-1.4.2.jar;d:\develop\MAVEN\repository\org\apache\shiro\shiro-crypto-hash\1.4.2\shiro-crypto-hash-1.4.2.jar;d:\develop\MAVEN\repository\org\apache\shiro\shiro-crypto-core\1.4.2\shiro-crypto-core-1.4.2.jar;d:\develop\MAVEN\repository\org\apache\shiro\shiro-crypto-cipher\1.4.2\shiro-crypto-cipher-1.4.2.jar;d:\develop\MAVEN\repository\org\apache\shiro\shiro-config-core\1.4.2\shiro-config-core-1.4.2.jar;d:\develop\MAVEN\repository\org\apache\shiro\shiro-config-ogdl\1.4.2\shiro-config-ogdl-1.4.2.jar;d:\develop\MAVEN\repository\commons-beanutils\commons-beanutils\1.9.3\commons-beanutils-1.9.3.jar;d:\develop\MAVEN\repository\commons-collections\commons-collections\3.2.2\commons-collections-3.2.2.jar;d:\develop\MAVEN\repository\org\apache\shiro\shiro-event\1.4.2\shiro-event-1.4.2.jar;d:\develop\MAVEN\repository\org\apache\shiro\shiro-web\1.4.2\shiro-web-1.4.2.jar;d:\develop\MAVEN\repository\org\projectlombok\lombok\1.18.22\lombok-1.18.22.jar;d:\develop\MAVEN\repository\com\github\pagehelper\pagehelper\5.1.10\pagehelper-5.1.10.jar;d:\develop\MAVEN\repository\com\github\jsqlparser\jsqlparser\2.0\jsqlparser-2.0.jar;d:\develop\MAVEN\repository\org\springframework\boot\spring-boot-devtools\2.6.1\spring-boot-devtools-2.6.1.jar;d:\develop\MAVEN\repository\org\springframework\boot\spring-boot\2.6.1\spring-boot-2.6.1.jar;d:\develop\MAVEN\repository\org\springframework\boot\spring-boot-autoconfigure\2.6.1\spring-boot-autoconfigure-2.6.1.jar;d:\develop\MAVEN\repository\commons-fileupload\commons-fileupload\1.2.1\commons-fileupload-1.2.1.jar;d:\develop\MAVEN\repository\commons-io\commons-io\2.6\commons-io-2.6.jar;d:\develop\MAVEN\repository\org\assertj\assertj-core\3.21.0\assertj-core-3.21.0.jar;"/>
    <property name="sun.cpu.endian" value="little"/>
    <property name="user.home" value="C:\Users\limon"/>
    <property name="user.language" value="zh"/>
    <property name="java.specification.vendor" value="Oracle Corporation"/>
    <property name="java.home" value="D:\develop\jdk1.8\jdk 1.8.0.191\jre"/>
    <property name="basedir" value="D:\IdeaWorkSpace\project"/>
    <property name="file.separator" value="\"/>
    <property name="line.separator" value="&#10;"/>
    <property name="idea.version2019.2.4" value="true"/>
    <property name="java.vm.specification.vendor" value="Oracle Corporation"/>
    <property name="java.specification.name" value="Java Platform API Specification"/>
    <property name="java.awt.graphicsenv" value="sun.awt.Win32GraphicsEnvironment"/>
    <property name="surefire.real.class.path" value="C:\Users\limon\AppData\Local\Temp\surefire1799836413773021843\surefirebooter6343508425245256382.jar"/>
    <property name="sun.boot.class.path" value="D:\develop\jdk1.8\jdk 1.8.0.191\jre\lib\resources.jar;D:\develop\jdk1.8\jdk 1.8.0.191\jre\lib\rt.jar;D:\develop\jdk1.8\jdk 1.8.0.191\jre\lib\sunrsasign.jar;D:\develop\jdk1.8\jdk 1.8.0.191\jre\lib\jsse.jar;D:\develop\jdk1.8\jdk 1.8.0.191\jre\lib\jce.jar;D:\develop\jdk1.8\jdk 1.8.0.191\jre\lib\charsets.jar;D:\develop\jdk1.8\jdk 1.8.0.191\jre\lib\jfr.jar;D:\develop\jdk1.8\jdk 1.8.0.191\jre\classes"/>
    <property name="user.script" value=""/>
    <property name="sun.management.compiler" value="HotSpot 64-Bit Tiered Compilers"/>
    <property name="java.runtime.version" value="1.8.0_191-b12"/>
    <property name="user.name" value="limon"/>
    <property name="path.separator" value=";"/>
    <property name="os.version" value="10.0"/>
    <property name="java.endorsed.dirs" value="D:\develop\jdk1.8\jdk 1.8.0.191\jre\lib\endorsed"/>
    <property name="java.runtime.name" value="Java(TM) SE Runtime Environment"/>
    <property name="file.encoding" value="GBK"/>
    <property name="java.vm.name" value="Java HotSpot(TM) 64-Bit Server VM"/>
    <property name="localRepository" value="d:\develop\MAVEN\repository"/>
    <property name="java.vendor.url.bug" value="http://bugreport.sun.com/bugreport/"/>
    <property name="java.io.tmpdir" value="C:\Users\limon\AppData\Local\Temp\"/>
    <property name="java.version" value="1.8.0_191"/>
    <property name="user.dir" value="D:\IdeaWorkSpace\project"/>
    <property name="os.arch" value="amd64"/>
    <property name="java.vm.specification.name" value="Java Virtual Machine Specification"/>
    <property name="java.awt.printerjob" value="sun.awt.windows.WPrinterJob"/>
    <property name="sun.os.patch.level" value=""/>
    <property name="java.library.path" value="D:\develop\jdk1.8\jdk 1.8.0.191\jre\bin;C:\WINDOWS\Sun\Java\bin;C:\WINDOWS\system32;C:\WINDOWS;F:\develop\product\11.2.0\dbhome_1\bin;D:\develop\jdk1.8\jdk 1.8.0.191\bin;C:\Program Files (x86)\Intel\Intel(R) Management Engine Components\iCLS\;C:\Program Files\Intel\Intel(R) Management Engine Components\iCLS\;C:\WINDOWS\system32;C:\WINDOWS;C:\WINDOWS\System32\Wbem;C:\WINDOWS\System32\WindowsPowerShell\v1.0\;C:\WINDOWS\System32\OpenSSH\;C:\Program Files (x86)\Intel\Intel(R) Management Engine Components\DAL;C:\Program Files\Intel\Intel(R) Management Engine Components\DAL;%mysql-8.0.13-winx64%\bin;D:\develop\apache-maven-3.6.1\bin;%USERPROFILE%\AppData\Local\Microsoft\WindowsApps;C:\Program Files (x86)\Tencent\QQGameTempest\Hall.57734\;."/>
    <property name="java.vm.info" value="mixed mode"/>
    <property name="java.vendor" value="Oracle Corporation"/>
    <property name="java.vm.version" value="25.191-b12"/>
    <property name="java.ext.dirs" value="D:\develop\jdk1.8\jdk 1.8.0.191\jre\lib\ext;C:\WINDOWS\Sun\Java\lib\ext"/>
    <property name="sun.io.unicode.encoding" value="UnicodeLittle"/>
    <property name="maven.repo.local" value="d:\develop\MAVEN\repository"/>
    <property name="java.class.version" value="52.0"/>
  </properties>
  <testcase name="contextLoads" classname="com.yida.project.ProjectApplicationTests" time="0.387"/>
</testsuite>